#
# A fatal error has been detected by the Java Runtime Environment:
#
#  EXCEPTION_ACCESS_VIOLATION (0xc0000005) at pc=0x00007ffd205bf363, pid=17968, tid=16072
#
# JRE version:  (11.0.27+6) (build )
# Java VM: OpenJDK 64-Bit Server VM (11.0.27+6-LTS, mixed mode, sharing, tiered, compressed oops, g1 gc, windows-amd64)
# Problematic frame:
# V  [jvm.dll+0x1ef363]
#
# No core dump will be written. Minidumps are not enabled by default on client versions of Windows
#
#

---------------  S U M M A R Y ------------

Command Line: -Xmx700m -Djava.awt.headless=true -Djna.boot.library.path=D:\IntelliJ IDEA 2025.1/lib/jna/amd64 -Djna.nosys=true -Djna.noclasspath=true -Dexternal.project.config=C:\Users\Mayn\AppData\Local\JetBrains\IntelliJIdea2025.1\projects\hy.f99df300\external_build_system -Dcompile.parallel=true -Drebuild.on.dependency.change=true -Didea.IntToIntBtree.page.size=32768 -Djdt.compiler.useSingleThread=true -Daether.connector.resumeDownloads=false -Dio.netty.initialSeedUniquifier=6368328145339775994 -Djps.use.dependency.graph=true -Dfile.encoding=UTF-8 -Duser.language=zh -Duser.country=CN -Didea.paths.selector=IntelliJIdea2025.1 -Djps.language.bundle=D:/IntelliJ IDEA 2025.1/plugins/localization-zh/lib/localization-zh.jar -Didea.home.path=D:/IntelliJ IDEA 2025.1 -Didea.config.path=C:/Users/Mayn/AppData/Roaming/JetBrains/IntelliJIdea2025.1 -Didea.plugins.path=C:/Users/Mayn/AppData/Roaming/JetBrains/IntelliJIdea2025.1/plugins -Djps.log.dir=C:\Users\Mayn\AppData\Local\JetBrains\IntelliJIdea2025.1\log\build-log -Djps.fallback.jdk.home=D:/IntelliJ IDEA 2025.1/jbr -Djps.fallback.jdk.version=21.0.6 -Dio.netty.noUnsafe=true -Djava.io.tmpdir=C:/Users/Mayn/AppData/Local/JetBrains/IntelliJIdea2025.1/compile-server/hy_f7b68da3/_temp_ -Djps.backward.ref.index.builder=true -Djps.backward.ref.index.builder.fs.case.sensitive=false -Dcompilation.charts=false -Djps.kotlin.home=D:\IntelliJ IDEA 2025.1\plugins\Kotlin\kotlinc -Dkotlin.incremental.compilation=true -Dkotlin.jps.dumb.mode=true -Dkotlin.jps.enable.lookups.in.dumb.mode=true -Dkotlin.incremental.compilation.js=true -Dkotlin.daemon.enabled -Dkotlin.daemon.client.alive.path=C:\Users\Mayn\AppData\Local\Temp\kotlin-idea-16475891031722464498-is-running -Dide.compiler.maven.path.to.home=C:\Users\Mayn\.m2\repository -Dide.propagate.context=false -Dintellij.platform.log.sync=true org.jetbrains.jps.cmdline.Launcher D:/IntelliJ IDEA 2025.1/plugins/java/lib/jps-builders.jar;D:/IntelliJ IDEA 2025.1/plugins/java/lib/jps-builders-6.jar;D:/IntelliJ IDEA 2025.1/plugins/java/lib/jps-javac-extension.jar;D:/IntelliJ IDEA 2025.1/lib/util-8.jar;D:/IntelliJ IDEA 2025.1/lib/util_rt.jar;D:/IntelliJ IDEA 2025.1/lib/platform-loader.jar;D:/IntelliJ IDEA 2025.1/lib/annotations.jar;D:/IntelliJ IDEA 2025.1/lib/trove.jar;D:/IntelliJ IDEA 2025.1/plugins/java/lib/kotlin-metadata.jar;D:/IntelliJ IDEA 2025.1/lib/protobuf.jar;D:/IntelliJ IDEA 2025.1/plugins/java/lib/rt/netty-jps.jar;D:/IntelliJ IDEA 2025.1/lib/jps-model.jar;D:/IntelliJ IDEA 2025.1/plugins/java/lib/javac2.jar;D:/IntelliJ IDEA 2025.1/lib/forms_rt.jar;D:/IntelliJ IDEA 2025.1/lib/util.jar;D:/IntelliJ IDEA 2025.1/lib/lib-client.jar;D:/IntelliJ IDEA 2025.1/plugins/java/lib/aether-dependency-resolver.jar;D:/IntelliJ IDEA 2025.1/plugins/java/lib/maven-resolver-connector-basic.jar;D:/IntelliJ IDEA 2025.1/plugins/java/lib/maven-resolver-transport-file.jar;D:/IntelliJ IDEA 2025.1/plugins/java/lib/maven-resolver-transport-http.jar;D:/IntelliJ IDEA 2025.1/lib/idea_rt.jar;D:/IntelliJ IDEA 2025.1/plugins/JavaEE/lib/jasper-v2-rt.jar;D:/IntelliJ IDEA 2025.1/plugins/Kotlin/lib/jps/kotlin-jps-plugin.jar;D:/IntelliJ IDEA 2025.1/lib/util-8.jar;D:/IntelliJ IDEA 2025.1/plugins/java/lib/jps/java-compiler-charts-jps.jar;D:/IntelliJ IDEA 2025.1/plugins/javaFX/lib/javaFX-jps.jar;D:/IntelliJ IDEA 2025.1/plugins/javaFX/lib/javaFX-common.jar;D:/IntelliJ IDEA 2025.1/plugins/eclipse/lib/eclipse-jps.jar;D:/IntelliJ IDEA 2025.1/plugins/eclipse/lib/eclipse-common.jar;D:/IntelliJ IDEA 2025.1/plugins/JavaEE/lib/jps/javaee-jps.jar;D:/IntelliJ IDEA 2025.1/plugins/platform-langInjection/lib/java-langInjection-jps.jar;D:/IntelliJ IDEA 2025.1/plugins/Groovy/lib/groovy-jps.jar;D:/IntelliJ IDEA 2025.1/plugins/Groovy/lib/groovy-constants-rt.jar;D:/IntelliJ IDEA 2025.1/plugins/maven/lib/maven-jps.jar;D:/IntelliJ IDEA 2025.1/plugins/gradle-java/lib/gradle-jps.jar;D:/IntelliJ IDEA 2025.1/plugins/JPA/lib/jps/javaee-jpa-jps.jar org.jetbrains.jps.cmdline.BuildMain 127.0.0.1 57022 4b96739f-e6f9-4098-b1c7-efff48e28005 C:/Users/Mayn/AppData/Local/JetBrains/IntelliJIdea2025.1/compile-server

Host: Intel(R) Core(TM) i5-10400 CPU @ 2.90GHz, 12 cores, 15G,  Windows 10 , 64 bit Build 19041 (10.0.19041.4717)
Time: Tue Jul 15 15:50:20 2025  Windows 10 , 64 bit Build 19041 (10.0.19041.4717) elapsed time: 0.078040 seconds (0d 0h 0m 0s)

---------------  T H R E A D  ---------------

Current thread (0x0000019392168800):  JavaThread "Unknown thread" [_thread_in_vm, id=16072, stack(0x00000079ef600000,0x00000079ef700000)]

Stack: [0x00000079ef600000,0x00000079ef700000],  sp=0x00000079ef6fef00,  free space=1019k
Native frames: (J=compiled Java code, j=interpreted, Vv=VM code, C=native code)
V  [jvm.dll+0x1ef363]
V  [jvm.dll+0x1ed3d3]
V  [jvm.dll+0x38877b]
V  [jvm.dll+0x7a5bef]
V  [jvm.dll+0x3f9887]
V  [jvm.dll+0x3fbd81]
C  [jli.dll+0x52e8]
C  [ucrtbase.dll+0x21bb2]
C  [KERNEL32.DLL+0x17374]
C  [ntdll.dll+0x4cc91]


siginfo: EXCEPTION_ACCESS_VIOLATION (0xc0000005), reading address 0x0000000000000000


Registers:
RAX=0x000041973da249aa, RBX=0x0000000000000000, RCX=0x0000000000000000, RDX=0x0000000000000000
RSP=0x00000079ef6fef00, RBP=0x0000000000000000, RSI=0x0000019392168800, RDI=0x0000000000000000
R8 =0x0000000000000000, R9 =0x0000000000000000, R10=0x0000000000000000, R11=0x00000079ef6fecb0
R12=0x0000000000000000, R13=0x00007ffd209d01b0, R14=0x00000079ef6ffc18, R15=0x0000000000000008
RIP=0x00007ffd205bf363, EFLAGS=0x0000000000010256

Top of Stack: (sp=0x00000079ef6fef00)
0x00000079ef6fef00:   00000193906fea80 00007ffd206c267d
0x00000079ef6fef10:   0000000000000008 0000000000000400
0x00000079ef6fef20:   0000000000000000 0000019392168800
0x00000079ef6fef30:   0000f9a817933b7a 00007ffd209d01b0
0x00000079ef6fef40:   00000079ef6ff020 0000000000000008
0x00000079ef6fef50:   00000079ef6ffc18 00007ffd209d01b0
0x00000079ef6fef60:   0000000000000000 00007ffdc7330000
0x00000079ef6fef70:   00007ffd20ca73f8 0000000000000000
0x00000079ef6fef80:   00007ffd205bd27a 00007ffde8b17fac
0x00000079ef6fef90:   00000079ef6ff020 0000000000000001
0x00000079ef6fefa0:   000041973da249aa 00007ffd209d01b0
0x00000079ef6fefb0:   0000000000000000 00007ffd209d01b0
0x00000079ef6fefc0:   0000019392168800 00000079ef6ff0e0
0x00000079ef6fefd0:   00000193906f40a0 00007ffd205bd3d3
0x00000079ef6fefe0:   00007ffdc7380000 00007ffdc733d1a8
0x00000079ef6feff0:   00000079ef6ff0e0 0000019392168800 

Instructions: (pc=0x00007ffd205bf363)
0x00007ffd205bf263:   f0 ff 15 2e 06 63 00 48 8b cb 41 b1 01 48 2b 8c
0x00007ffd205bf273:   24 90 00 00 00 45 33 c0 33 d2 c6 04 31 00 48 8b
0x00007ffd205bf283:   ce e8 c7 0b 00 00 42 80 3c 33 3b 4a 8d 3c 33 75
0x00007ffd205bf293:   1c 0f 1f 40 00 0f 1f 84 00 00 00 00 00 48 ff c3
0x00007ffd205bf2a3:   ff c5 42 80 3c 33 3b 4a 8d 3c 33 74 f0 49 83 3c
0x00007ffd205bf2b3:   24 00 74 18 48 8b 94 24 98 00 00 00 49 8b cf e8
0x00007ffd205bf2c3:   59 3e ed ff 49 8b cc e8 c1 3d ed ff 48 8b 44 24
0x00007ffd205bf2d3:   20 48 8d 4c 24 30 4d 89 67 10 49 89 47 18 48 8b
0x00007ffd205bf2e3:   44 24 28 49 89 47 20 e8 01 3e 10 00 44 8b ed 48
0x00007ffd205bf2f3:   89 9c 24 90 00 00 00 48 3b 5c 24 38 0f 8c cd fe
0x00007ffd205bf303:   ff ff 4c 8b 7c 24 40 4c 8b 64 24 48 48 8b 7c 24
0x00007ffd205bf313:   50 48 8b 74 24 58 48 8b 9c 24 80 00 00 00 48 83
0x00007ffd205bf323:   c4 60 41 5e 41 5d 5d c3 cc cc cc cc cc 40 53 55
0x00007ffd205bf333:   56 41 55 48 81 ec b8 00 00 00 48 8b 05 7c df 8d
0x00007ffd205bf343:   00 48 33 c4 48 89 84 24 a0 00 00 00 48 8b e9 48
0x00007ffd205bf353:   c7 c3 ff ff ff ff 0f 1f 80 00 00 00 00 48 ff c3
0x00007ffd205bf363:   80 3c 0b 00 75 f7 33 f6 c6 44 24 30 01 40 38 35
0x00007ffd205bf373:   25 13 91 00 74 17 40 38 35 71 78 90 00 75 0e 33
0x00007ffd205bf383:   d2 48 8d 0d 95 7e 6e 00 e8 d0 5b 1b 00 45 33 ed
0x00007ffd205bf393:   85 db 0f 8e 11 02 00 00 48 89 bc 24 e8 00 00 00
0x00007ffd205bf3a3:   48 8b fd 48 63 c3 33 db 4c 89 a4 24 f0 00 00 00
0x00007ffd205bf3b3:   4c 89 b4 24 f8 00 00 00 4c 89 bc 24 b0 00 00 00
0x00007ffd205bf3c3:   48 89 5c 24 40 48 89 44 24 68 0f 1f 00 0f b6 07
0x00007ffd205bf3d3:   84 c0 74 12 3c 3b 74 0e 0f b6 44 2b 01 48 ff c3
0x00007ffd205bf3e3:   ff c6 84 c0 75 ee 48 8d 54 24 38 48 c7 44 24 38
0x00007ffd205bf3f3:   00 00 00 00 48 8d 4c 24 60 e8 4f 3c 10 00 48 8b
0x00007ffd205bf403:   44 24 38 33 d2 4c 8b b0 78 02 00 00 49 8b 46 18
0x00007ffd205bf413:   4d 8b 66 10 48 89 44 24 50 49 8b 46 20 48 89 44
0x00007ffd205bf423:   24 58 49 8b 46 28 48 89 44 24 48 8b c6 41 2b c5
0x00007ffd205bf433:   48 63 f8 48 8d 4f 01 e8 81 95 4c 00 49 63 d5 4c
0x00007ffd205bf443:   8b c7 48 03 d5 48 8b c8 4c 8b f8 ff 15 44 04 63
0x00007ffd205bf453:   00 48 8b cb 48 2b 4c 24 40 80 7c 24 30 00 42 c6 



---------------  P R O C E S S  ---------------

Threads class SMR info:
_java_thread_list=0x00000193906f4480, length=0, elements={
}

Java Threads: ( => current thread )

Other Threads:

=>0x0000019392168800 (exited) JavaThread "Unknown thread" [_thread_in_vm, id=16072, stack(0x00000079ef600000,0x00000079ef700000)]

Threads with active compile tasks:

VM state:not at safepoint (not fully initialized)

VM Mutex/Monitor currently owned by a thread: None


[error occurred during error reporting (printing compressed oops mode), id 0xc0000005, EXCEPTION_ACCESS_VIOLATION (0xc0000005) at pc=0x00007ffd20b94d47]

Deoptimization events (0 events):
No events

Classes redefined (0 events):
No events

Internal exceptions (0 events):
No events

Events (1 events):
Event: 0.063 Loaded shared library C:\Users\Mayn\.jdks\ms-11.0.27\bin\zip.dll


Dynamic libraries:
0x00007ff6ff280000 - 0x00007ff6ff28e000 	C:\Users\Mayn\.jdks\ms-11.0.27\bin\java.exe
0x00007ffdeb030000 - 0x00007ffdeb228000 	C:\Windows\SYSTEM32\ntdll.dll
0x00007ffdea930000 - 0x00007ffdea9f1000 	C:\Windows\System32\KERNEL32.DLL
0x00007ffde8ab0000 - 0x00007ffde8dad000 	C:\Windows\System32\KERNELBASE.dll
0x00007ffde8920000 - 0x00007ffde8a20000 	C:\Windows\System32\ucrtbase.dll
0x00007ffdccb10000 - 0x00007ffdccb2d000 	C:\Users\Mayn\.jdks\ms-11.0.27\bin\VCRUNTIME140.dll
0x00007ffdc7400000 - 0x00007ffdc7417000 	C:\Users\Mayn\.jdks\ms-11.0.27\bin\jli.dll
0x00007ffdead20000 - 0x00007ffdeaebd000 	C:\Windows\System32\USER32.dll
0x00007ffde8800000 - 0x00007ffde8822000 	C:\Windows\System32\win32u.dll
0x00007ffdeac40000 - 0x00007ffdeac6b000 	C:\Windows\System32\GDI32.dll
0x00007ffde8f40000 - 0x00007ffde9057000 	C:\Windows\System32\gdi32full.dll
0x00007ffde8830000 - 0x00007ffde88cd000 	C:\Windows\System32\msvcp_win.dll
0x00007ffdcde80000 - 0x00007ffdce11a000 	C:\Windows\WinSxS\amd64_microsoft.windows.common-controls_6595b64144ccf1df_6.0.19041.4355_none_60b8b9eb71f62e16\COMCTL32.dll
0x00007ffdea120000 - 0x00007ffdea1be000 	C:\Windows\System32\msvcrt.dll
0x00007ffde9180000 - 0x00007ffde91af000 	C:\Windows\System32\IMM32.DLL
0x00000000597d0000 - 0x00000000597dd000 	C:\Program Files (x86)\360\360Safe\safemon\SafeWrapper.dll
0x00007ffde9e80000 - 0x00007ffde9f30000 	C:\Windows\System32\ADVAPI32.dll
0x00007ffde9ff0000 - 0x00007ffdea090000 	C:\Windows\System32\sechost.dll
0x00007ffde9cc0000 - 0x00007ffde9de3000 	C:\Windows\System32\RPCRT4.dll
0x00007ffde8db0000 - 0x00007ffde8dd7000 	C:\Windows\System32\bcrypt.dll
0x00007ffdd1ee0000 - 0x00007ffdd1fe3000 	C:\Program Files (x86)\360\360Safe\safemon\libzdtp64.dll
0x00007ffdea1c0000 - 0x00007ffdea92f000 	C:\Windows\System32\SHELL32.dll
0x00007ffde9060000 - 0x00007ffde90b5000 	C:\Windows\System32\SHLWAPI.dll
0x00007ffde8180000 - 0x00007ffde818a000 	C:\Windows\SYSTEM32\VERSION.dll
0x00007ffde3940000 - 0x00007ffde394c000 	C:\Users\Mayn\.jdks\ms-11.0.27\bin\vcruntime140_1.dll
0x00007ffd3d140000 - 0x00007ffd3d1cd000 	C:\Users\Mayn\.jdks\ms-11.0.27\bin\msvcp140.dll
0x00007ffd203d0000 - 0x00007ffd20fa7000 	C:\Users\Mayn\.jdks\ms-11.0.27\bin\server\jvm.dll
0x00007ffdea0b0000 - 0x00007ffdea11b000 	C:\Windows\System32\WS2_32.dll
0x00007ffdce160000 - 0x00007ffdce187000 	C:\Windows\SYSTEM32\WINMM.dll
0x00007ffde6e90000 - 0x00007ffde6ea2000 	C:\Windows\SYSTEM32\kernel.appcore.dll
0x00007ffdd4d00000 - 0x00007ffdd4d10000 	C:\Users\Mayn\.jdks\ms-11.0.27\bin\verify.dll
0x00007ffde69c0000 - 0x00007ffde6ba4000 	C:\Windows\SYSTEM32\DBGHELP.DLL
0x00007ffdc8d30000 - 0x00007ffdc8d64000 	C:\Windows\SYSTEM32\dbgcore.DLL
0x00007ffde8a20000 - 0x00007ffde8aa2000 	C:\Windows\System32\bcryptPrimitives.dll
0x00007ffdc7330000 - 0x00007ffdc7358000 	C:\Users\Mayn\.jdks\ms-11.0.27\bin\java.dll
0x00007ffdd3ad0000 - 0x00007ffdd3ada000 	C:\Users\Mayn\.jdks\ms-11.0.27\bin\jimage.dll
0x00007ffdc7380000 - 0x00007ffdc7398000 	C:\Users\Mayn\.jdks\ms-11.0.27\bin\zip.dll

dbghelp: loaded successfully - version: 4.0.5 - missing functions: none
symbol engine: initialized successfully - sym options: 0x614 - pdb path: .;C:\Users\Mayn\.jdks\ms-11.0.27\bin;C:\Windows\SYSTEM32;C:\Windows\WinSxS\amd64_microsoft.windows.common-controls_6595b64144ccf1df_6.0.19041.4355_none_60b8b9eb71f62e16;C:\Program Files (x86)\360\360Safe\safemon;C:\Users\Mayn\.jdks\ms-11.0.27\bin\server

VM Arguments:
jvm_args: -Xmx700m -Djava.awt.headless=true -Djna.boot.library.path=D:\IntelliJ IDEA 2025.1/lib/jna/amd64 -Djna.nosys=true -Djna.noclasspath=true -Dexternal.project.config=C:\Users\Mayn\AppData\Local\JetBrains\IntelliJIdea2025.1\projects\hy.f99df300\external_build_system -Dcompile.parallel=true -Drebuild.on.dependency.change=true -Didea.IntToIntBtree.page.size=32768 -Djdt.compiler.useSingleThread=true -Daether.connector.resumeDownloads=false -Dio.netty.initialSeedUniquifier=6368328145339775994 -Djps.use.dependency.graph=true -Dfile.encoding=UTF-8 -Duser.language=zh -Duser.country=CN -Didea.paths.selector=IntelliJIdea2025.1 -Djps.language.bundle=D:/IntelliJ IDEA 2025.1/plugins/localization-zh/lib/localization-zh.jar -Didea.home.path=D:/IntelliJ IDEA 2025.1 -Didea.config.path=C:/Users/Mayn/AppData/Roaming/JetBrains/IntelliJIdea2025.1 -Didea.plugins.path=C:/Users/Mayn/AppData/Roaming/JetBrains/IntelliJIdea2025.1/plugins -Djps.log.dir=C:\Users\Mayn\AppData\Local\JetBrains\IntelliJIdea2025.1\log\build-log -Djps.fallback.jdk.home=D:/IntelliJ IDEA 2025.1/jbr -Djps.fallback.jdk.version=21.0.6 -Dio.netty.noUnsafe=true -Djava.io.tmpdir=C:/Users/Mayn/AppData/Local/JetBrains/IntelliJIdea2025.1/compile-server/hy_f7b68da3/_temp_ -Djps.backward.ref.index.builder=true -Djps.backward.ref.index.builder.fs.case.sensitive=false -Dcompilation.charts=false -Djps.kotlin.home=D:\IntelliJ IDEA 2025.1\plugins\Kotlin\kotlinc -Dkotlin.incremental.compilation=true -Dkotlin.jps.dumb.mode=true -Dkotlin.jps.enable.lookups.in.dumb.mode=true -Dkotlin.incremental.compilation.js=true -Dkotlin.daemon.enabled -Dkotlin.daemon.client.alive.path=C:\Users\Mayn\AppData\Local\Temp\kotlin-idea-16475891031722464498-is-running -Dide.compiler.maven.path.to.home=C:\Users\Mayn\.m2\repository -Dide.propagate.context=false -Dintellij.platform.log.sync=true 
java_command: org.jetbrains.jps.cmdline.Launcher D:/IntelliJ IDEA 2025.1/plugins/java/lib/jps-builders.jar;D:/IntelliJ IDEA 2025.1/plugins/java/lib/jps-builders-6.jar;D:/IntelliJ IDEA 2025.1/plugins/java/lib/jps-javac-extension.jar;D:/IntelliJ IDEA 2025.1/lib/util-8.jar;D:/IntelliJ IDEA 2025.1/lib/util_rt.jar;D:/IntelliJ IDEA 2025.1/lib/platform-loader.jar;D:/IntelliJ IDEA 2025.1/lib/annotations.jar;D:/IntelliJ IDEA 2025.1/lib/trove.jar;D:/IntelliJ IDEA 2025.1/plugins/java/lib/kotlin-metadata.jar;D:/IntelliJ IDEA 2025.1/lib/protobuf.jar;D:/IntelliJ IDEA 2025.1/plugins/java/lib/rt/netty-jps.jar;D:/IntelliJ IDEA 2025.1/lib/jps-model.jar;D:/IntelliJ IDEA 2025.1/plugins/java/lib/javac2.jar;D:/IntelliJ IDEA 2025.1/lib/forms_rt.jar;D:/IntelliJ IDEA 2025.1/lib/util.jar;D:/IntelliJ IDEA 2025.1/lib/lib-client.jar;D:/IntelliJ IDEA 2025.1/plugins/java/lib/aether-dependency-resolver.jar;D:/IntelliJ IDEA 2025.1/plugins/java/lib/maven-resolver-connector-basic.jar;D:/IntelliJ IDEA 2025.1/plugins/java/lib/maven-resolver-transport-file.jar;D:/IntelliJ IDEA 2025.1/plugins/java/lib/maven-resolver-transport-http.jar;D:/IntelliJ IDEA 2025.1/lib/idea_rt.jar;D:/IntelliJ IDEA 2025.1/plugins/JavaEE/lib/jasper-v2-rt.jar;D:/IntelliJ IDEA 2025.1/plugins/Kotlin/lib/jps/kotlin-jps-plugin.jar;D:/IntelliJ IDEA 2025.1/lib/util-8.jar;D:/IntelliJ IDEA 2025.1/plugins/java/lib/jps/java-compiler-charts-jps.jar;D:/IntelliJ IDEA 2025.1/plugins/javaFX/lib/javaFX-jps.jar;D:/IntelliJ IDEA 2025.1/plugins/javaFX/lib/javaFX-common.jar;D:/IntelliJ IDEA 2025.1/plugins/eclipse/lib/eclipse-jps.jar;D:/IntelliJ IDEA 2025.1/plugins/eclipse/lib/eclipse-common.jar;D:/IntelliJ IDEA 2025.1/plugins/JavaEE/lib/jps/javaee-jps.jar;D:/IntelliJ IDEA 2025.1/plugins/platform-langInjection/lib/java-langInjection-jps.jar;D:/IntelliJ IDEA 2025.1/plugins/Groovy/lib/groovy-jps.jar;D:/IntelliJ IDEA 2025.1/plugins/Groovy/lib/groovy-constants-rt.jar;D:/IntelliJ IDEA 2025.1/plugins/maven/lib/maven-jps.jar;D:/IntelliJ IDEA 2025.1/plugins
java_class_path (initial): D:/IntelliJ IDEA 2025.1/plugins/java/lib/jps-launcher.jar
Launcher Type: SUN_STANDARD

[Global flags]
     uint G1ConcRefinementThreads                  = 10                                        {product} {ergonomic}
    uintx GCDrainStackTargetSize                   = 64                                        {product} {ergonomic}
   size_t InitialHeapSize                          = 261958784                                 {product} {ergonomic}
   size_t MaxHeapSize                              = 734003200                                 {product} {command line}
    uintx ReservedCodeCacheSize                    = 251658240                              {pd product} {ergonomic}
     bool SegmentedCodeCache                       = true                                      {product} {ergonomic}
     bool UseCompressedClassPointers               = true                                 {lp64_product} {ergonomic}
     bool UseCompressedOops                        = true                                 {lp64_product} {ergonomic}
     bool UseG1GC                                  = true                                      {product} {ergonomic}
     bool UseLargePagesIndividualAllocation        = false                                  {pd product} {ergonomic}

Logging:
Log output configuration:
 #0: stdout all=warning uptime,level,tags
 #1: stderr all=off uptime,level,tags

Environment Variables:
JAVA_HOME=D:\jdk1.8.0_191
PATH=C:\Program Files\Common Files\Oracle\Java\javapath;C:\Windows\system32;C:\Windows;C:\Windows\System32\Wbem;C:\Windows\System32\WindowsPowerShell\v1.0\;C:\ProgramData\chocolatey\bin;C:\Program Files\Bandizip\;D:\Tencent\微信web开发者工具\dll;%MAVEN;HOME%\bin;D:\apache-tomcat-8.5.95\bin;D:\jdk1.8.0_191\bin;D:\jdk1.8.0_191\jre\bin;C:\mysql\mysql8\;C:\mysql\mysql8\bin;%GRADLE_HOME\bin%;C:\Windows\System32\OpenSSH\;D:\Git\cmd;D:\nvm;C:\Program Files\nodejs;D:\msys64\ucrt64\bin;D:\apache-maven-3.9.5\bin;C:\Users\Mayn\AppData\Local\Microsoft\WindowsApps;C:\Users\Mayn\AppData\Local\Programs\Microsoft VS Code\bin;C:\Users\Mayn\AppData\Local\GitHubDesktop\bin;C:\Users\Mayn\AppData\Roaming\npm;D:\IntelliJ IDEA 2025.1\bin;;D:\WebStorm 2024.1.5\bin;;D:\nvm;D:\nvm\nodejs
USERNAME=Mayn
OS=Windows_NT
PROCESSOR_IDENTIFIER=Intel64 Family 6 Model 165 Stepping 3, GenuineIntel
TMP=C:\Users\Mayn\AppData\Local\Temp
TEMP=C:\Users\Mayn\AppData\Local\Temp



---------------  S Y S T E M  ---------------

OS: Windows 10 , 64 bit Build 19041 (10.0.19041.4717)
OS uptime: 1 days 6:44 hours

CPU:total 12 (initial active 12) 

Memory: 4k page, system-wide physical 15988M (3653M free)
TotalPageFile size 40564M (AvailPageFile size 19836M)
current process WorkingSet (physical memory assigned to process): 10M, peak: 10M
current process commit charge ("private bytes"): 3M, peak: 3M

vm_info: OpenJDK 64-Bit Server VM (11.0.27+6-LTS) for windows-amd64 JRE (11.0.27+6-LTS), built on Apr 10 2025 23:35:44 by "MicrosoftCorporation" with unknown MS VC++:1939

END.
